DiagnosticsPlugin.exe Information: 0 : [2023/9/20 12:13:29] Starting DiagnosticPlugin.exe DiagnosticPlugin-ShutdownEvent DiagnosticPlugin-TotalShutdownEvent -wadVer1v5
DiagnosticsPlugin.exe Error: 0 : [2023/9/20 12:13:29] Failed to save IIS Directory state
DiagnosticsPlugin.exe Error: 0 : [2023/9/20 12:13:29] System.Runtime.InteropServices.COMException (0x80040154): 检索 COM 类工厂中 CLSID 为 {2B72133B-3F5B-4602-8952-803546CE3344} 的组件失败，原因是出现以下错误: 80040154 没有注册类 (异常来自 HRESULT:0x80040154 (REGDB_E_CLASSNOTREG))。
   在 System.Runtime.Remoting.RemotingServices.AllocateUninitializedObject(RuntimeType objectType)
   在 System.Runtime.Remoting.Activation.ActivationServices.CreateInstance(RuntimeType serverType)
   在 System.Runtime.Remoting.Activation.ActivationServices.IsCurrentContextOK(RuntimeType serverType, Object[] props, Boolean bNewObj)
   在 System.RuntimeTypeHandle.CreateInstance(RuntimeType type, Boolean publicOnly, Boolean noCheck, Boolean& canBeCached, RuntimeMethodHandleInternal& ctor, Boolean& bNeedSecurityCheck)
   在 System.RuntimeType.CreateInstanceSlow(Boolean publicOnly, Boolean skipCheckThis, Boolean fillCache, StackCrawlMark& stackMark)
   在 System.Activator.CreateInstance[T]()
   在 Microsoft.Web.Administration.ConfigurationManager.CreateAdminManager[TClass,TInterface](WebConfigurationMap webConfigMap, Boolean isAdminConfig)
   在 Microsoft.Web.Administration.ConfigurationManager.CreateConfiguration(WebConfigurationMap configMap, String configPathToEdit, Boolean isAdminConfig)
   在 Microsoft.Web.Administration.ConfigurationManager.GetConfiguration(String rawConfigurationPath, String cacheKey, Boolean isAdminConfig)
   在 Microsoft.Web.Administration.ServerManager.get_SitesSection()
   在 Microsoft.Web.Administration.ServerManager.get_Sites()
   在 Microsoft.Azure.Plugins.Plugin.DiagnosticsPluginManager.SaveIISDirectoryState()
DiagnosticsPlugin.exe Information: 0 : [2023/9/20 12:13:30] Starting DiagnosticsPlugin
DiagnosticsPlugin.exe Information: 0 : [2023/9/20 12:13:30] Emulator config file set to F:\c#-code\A_HelloWorld\AzureCloud(云开发)\csx\Debug\roles\HelloWeb\approot\diagnostics.wadcfgx
DiagnosticsPlugin.exe Information: 0 : [2023/9/20 12:13:30] DiagnosticsStoreRootPath set to: C:\Users\haogu\AppData\Local\dftmp\Resources\3fbb594a-edd6-4954-b6cc-21acebf9a4b1
DiagnosticsPlugin.exe Information: 0 : [2023/9/20 12:13:30] Loading config file: F:\c#-code\A_HelloWorld\AzureCloud(云开发)\csx\Debug\roles\HelloWeb\approot\diagnostics.wadcfgx
DiagnosticsPlugin.exe Information: 0 : [2023/9/20 12:13:30] Config file to read: F:\c#-code\A_HelloWorld\AzureCloud(云开发)\csx\Debug\roles\HelloWeb\approot\diagnostics.wadcfgx
DiagnosticsPlugin.exe Information: 0 : [2023/9/20 12:13:30] Checking VM Type
DiagnosticsPlugin.exe Information: 0 : [2023/9/20 12:13:30] Emulator config file set to F:\c#-code\A_HelloWorld\AzureCloud(云开发)\csx\Debug\roles\HelloWeb\approot\diagnostics.wadcfgx
DiagnosticsPlugin.exe Information: 0 : [2023/9/20 12:13:30] Extension set to Emulator Mode
DiagnosticsPlugin.exe Information: 0 : [2023/9/20 12:13:30] Reading XML configuration file
DiagnosticsPlugin.exe Information: 0 : [2023/9/20 12:13:30] Bypassing private config decryption
DiagnosticsPlugin.exe Information: 0 : [2023/9/20 12:13:30] WadCfg is provided in initial configuration. Using that to initialize Diagnostics.
DiagnosticsPlugin.exe Information: 0 : [2023/9/20 12:13:30] <PublicConfig xmlns="http://schemas.microsoft.com/ServiceHosting/2010/10/DiagnosticsConfiguration">
  <WadCfg>
    <DiagnosticMonitorConfiguration overallQuotaInMB="4096">
      <DiagnosticInfrastructureLogs scheduledTransferLogLevelFilter="Error" />
      <Logs scheduledTransferPeriod="PT1M" scheduledTransferLogLevelFilter="Error" />
      <Directories scheduledTransferPeriod="PT1M">
        <IISLogs containerName="wad-iis-logfiles" />
        <FailedRequestLogs containerName="wad-failedrequestlogs" />
      </Directories>
      <WindowsEventLog scheduledTransferPeriod="PT1M">
        <DataSource name="Application!*[System[(Level=1 or Level=2 or Level=3)]]" />
        <DataSource name="Windows Azure!*[System[(Level=1 or Level=2 or Level=3 or Level=4)]]" />
      </WindowsEventLog>
      <CrashDumps containerName="wad-crashdumps" dumpType="Mini">
        <CrashDumpConfiguration processName="WaIISHost.exe" />
        <CrashDumpConfiguration processName="WaWorkerHost.exe" />
        <CrashDumpConfiguration processName="w3wp.exe" />
      </CrashDumps>
      <PerformanceCounters scheduledTransferPeriod="PT1M">
        <PerformanceCounterConfiguration counterSpecifier="\Memory\Available MBytes" sampleRate="PT3M" />
        <PerformanceCounterConfiguration counterSpecifier="\Web Service(_Total)\ISAPI Extension Requests/sec" sampleRate="PT3M" />
        <PerformanceCounterConfiguration counterSpecifier="\Web Service(_Total)\Bytes Total/Sec" sampleRate="PT3M" />
        <PerformanceCounterConfiguration counterSpecifier="\ASP.NET Applications(__Total__)\Requests/Sec" sampleRate="PT3M" />
        <PerformanceCounterConfiguration counterSpecifier="\ASP.NET Applications(__Total__)\Errors Total/Sec" sampleRate="PT3M" />
        <PerformanceCounterConfiguration counterSpecifier="\ASP.NET\Requests Queued" sampleRate="PT3M" />
        <PerformanceCounterConfiguration counterSpecifier="\ASP.NET\Requests Rejected" sampleRate="PT3M" />
        <PerformanceCounterConfiguration counterSpecifier="\Processor(_Total)\% Processor Time" sampleRate="PT3M" />
      </PerformanceCounters>
    </DiagnosticMonitorConfiguration>
  </WadCfg>
  <StorageAccount>devstoreaccount1</StorageAccount>
</PublicConfig>
DiagnosticsPlugin.exe Information: 0 : [2023/9/20 12:13:30] Private setting is loaded
DiagnosticsPlugin.exe Information: 0 : [2023/9/20 12:13:30] Is config json/xml loaded
DiagnosticsPlugin.exe Information: 0 : [2023/9/20 12:13:30] Checking if configuration needs to be fetched from the storage account and doing so if needed.
DiagnosticsPlugin.exe Information: 0 : [2023/9/20 12:13:30] Successfully created checkpoint file C:\Users\haogu\AppData\Local\dftmp\Resources\3fbb594a-edd6-4954-b6cc-21acebf9a4b1\WAD0105\Configuration\Checkpoint.txt
DiagnosticsPlugin.exe Information: 0 : [2023/9/20 12:13:30] Will use local resource directory C:\Users\haogu\AppData\Local\dftmp\Resources\3fbb594a-edd6-4954-b6cc-21acebf9a4b1\WAD0105
DiagnosticsPlugin.exe Information: 0 : [2023/9/20 12:13:30] Will use endpoint https://core.windows.net for storage.
DiagnosticsPlugin.exe Information: 0 : [2023/9/20 12:13:31] Exception in creating the ServerManager; is IIS installed?
 Error:System.Runtime.InteropServices.COMException (0x80040154): 检索 COM 类工厂中 CLSID 为 {2B72133B-3F5B-4602-8952-803546CE3344} 的组件失败，原因是出现以下错误: 80040154 没有注册类 (异常来自 HRESULT:0x80040154 (REGDB_E_CLASSNOTREG))。
   在 System.Runtime.Remoting.RemotingServices.AllocateUninitializedObject(RuntimeType objectType)
   在 System.Runtime.Remoting.Activation.ActivationServices.CreateInstance(RuntimeType serverType)
   在 System.Runtime.Remoting.Activation.ActivationServices.IsCurrentContextOK(RuntimeType serverType, Object[] props, Boolean bNewObj)
   在 System.RuntimeTypeHandle.CreateInstance(RuntimeType type, Boolean publicOnly, Boolean noCheck, Boolean& canBeCached, RuntimeMethodHandleInternal& ctor, Boolean& bNeedSecurityCheck)
   在 System.RuntimeType.CreateInstanceSlow(Boolean publicOnly, Boolean skipCheckThis, Boolean fillCache, StackCrawlMark& stackMark)
   在 System.Activator.CreateInstance[T]()
   在 Microsoft.Web.Administration.ConfigurationManager.CreateAdminManager[TClass,TInterface](WebConfigurationMap webConfigMap, Boolean isAdminConfig)
   在 Microsoft.Web.Administration.ConfigurationManager.CreateConfiguration(WebConfigurationMap configMap, String configPathToEdit, Boolean isAdminConfig)
   在 Microsoft.Web.Administration.ConfigurationManager.GetConfiguration(String rawConfigurationPath, String cacheKey, Boolean isAdminConfig)
   在 Microsoft.Web.Administration.ServerManager.get_SitesSection()
   在 Microsoft.Web.Administration.ServerManager.get_Sites()
   在 Microsoft.Azure.Plugins.Plugin.WadConfigProcessor.AddDirectories(EventsType mdsEvents, Directories wadDirectories)
DiagnosticsPlugin.exe Information: 0 : [2023/9/20 12:13:31] Running in emulator mode, crash dumps not enabled
DiagnosticsPlugin.exe Information: 0 : [2023/9/20 12:13:31] Checking to see if Application Insights extension needs to be configured.
DiagnosticsPlugin.exe Information: 0 : [2023/9/20 12:13:31] In emulator mode and using devstore updating XStoreAccount info, command line args: -LocalPath "C:\Users\haogu\AppData\Local\dftmp\Resources\3fbb594a-edd6-4954-b6cc-21acebf9a4b1\WAD0105"  -ConfigFile "C:\Users\haogu\AppData\Local\dftmp\Resources\3fbb594a-edd6-4954-b6cc-21acebf9a4b1\WAD0105\Configuration\MaConfig.xml" -ShutDownEvent WADDM-ShutDown-5c6d4a32c01b4fafb48935b5a617f0ab  -TotalShutDownEvent WADDM-TotalShutDown-5c6d4a32c01b4fafb48935b5a617f0ab -InitializedEvent WADM-StartUp-5c6d4a32c01b4fafb48935b5a617f0ab -parent 16212 -events -wadVer1v5 -UseProxyServer -XStoreAccounts WadAccount#true#devstoreaccount1#Eby8vdM02xNOcqFlqUwJPLlmEtlCDXJ1OUzFT50uSRZ6IFsuFq2UVErCz4I6tq/K1SZFPTOtr/KBHBeksoGMGw==#http://127.0.0.1:10002#http://127.0.0.1:10001#http://127.0.0.1:10000
DiagnosticsPlugin.exe Error: 0 : [2023/9/20 12:14:01] Microsoft.Cis.Monitoring.Query.QueryException: ErrorFail
   在 Microsoft.Cis.Monitoring.Query.QueryLocalTable..ctor(String TableName, String TablePath)
   在 ApplicationInsightsExtension.MATableReader.ReadTableRecords(String tableName, String tablePath, DateTime startTime, DateTime endTime)
   在 Microsoft.Azure.Plugins.Diagnostics.dll.MAStatusWriter.UpdateStatusReport(Object sender, ElapsedEventArgs e)
